<?xml version="1.0" encoding="UTF-8"?>
<!-- Generated by org.testng.reporters.JUnitXMLReporter -->
<testsuite ignored="2" hostname="DESKTOP-L7HLOG4" failures="0" tests="2" name="Default test" time="2.317" errors="0" timestamp="2024-06-11T04:21:58 AST">
  <testcase classname="myTestCases" name="myfirstTest" time="0.378"/>
  <testcase classname="myTestCases" name="findAllElementsThatHasTheTextLabt" time="0.115"/>
  <testcase classname="myTestCases" name="addOneItemAndSkipTheNext" time="0.0">
    <ignored/>
  </testcase> <!-- addOneItemAndSkipTheNext -->
  <testcase classname="myTestCases" name="addAllItems" time="0.0">
    <ignored/>
  </testcase> <!-- addAllItems -->
</testsuite> <!-- Default test -->
