<?xml version="1.0" encoding="UTF-8"?>
<testng-results ignored="2" total="4" passed="2" failed="0" skipped="0">
  <reporter-output>
  </reporter-output>
  <suite started-at="2024-06-11T04:21:55 AST" name="Default suite" finished-at="2024-06-11T04:21:58 AST" duration-ms="2317">
    <groups>
    </groups>
    <test started-at="2024-06-11T04:21:55 AST" name="Default test" finished-at="2024-06-11T04:21:58 AST" duration-ms="2317">
      <class name="myTestCases">
        <test-method is-config="true" signature="mySetup()[pri:0, instance:myTestCases@75cd8043]" started-at="2024-06-11T04:21:55 AST" name="mySetup" finished-at="2024-06-11T04:21:57 AST" duration-ms="1759" status="PASS">
          <reporter-output>
          </reporter-output>
        </test-method> <!-- mySetup -->
        <test-method signature="myfirstTest()[pri:0, instance:myTestCases@75cd8043]" started-at="2024-06-11T04:21:57 AST" name="myfirstTest" finished-at="2024-06-11T04:21:58 AST" duration-ms="378" status="PASS">
          <reporter-output>
          </reporter-output>
        </test-method> <!-- myfirstTest -->
        <test-method signature="findAllElementsThatHasTheTextLabt()[pri:4, instance:myTestCases@75cd8043]" started-at="2024-06-11T04:21:58 AST" name="findAllElementsThatHasTheTextLabt" finished-at="2024-06-11T04:21:58 AST" duration-ms="115" status="PASS">
          <reporter-output>
          </reporter-output>
        </test-method> <!-- findAllElementsThatHasTheTextLabt -->
      </class> <!-- myTestCases -->
    </test> <!-- Default test -->
  </suite> <!-- Default suite -->
</testng-results>
